<?xml version="1.0" encoding="UTF-8"?>
<testsuite xmlns:xsi="http://www.w3.org/2001/XMLSchema-instance" xsi:noNamespaceSchemaLocation="https://maven.apache.org/surefire/maven-surefire-plugin/xsd/surefire-test-report-3.0.xsd" version="3.0" name="com.caballerosGuardiaReal.ecommerce.ECommerceApplicationTests" time="20.601" tests="1" errors="0" skipped="0" failures="0">
  <properties>
[...]
</properties>
  <testcase name="contextLoads" classname="com.caballerosGuardiaReal.ecommerce.ECommerceApplicationTests" time="0.925">
    <system-out><![CDATA[17:09:54.383 [main] INFO org.springframework.test.context.support.AnnotationConfigContextLoaderUtils -- Could not detect default configuration classes for test class [com.caballerosGuardiaReal.ecommerce.ECommerceApplicationTests]: ECommerceApplicationTests does not declare any static, non-private, non-final, nested classes annotated with @Configuration.
17:09:54.571 [main] INFO org.springframework.boot.test.context.SpringBootTestContextBootstrapper -- Found @SpringBootConfiguration com.caballerosGuardiaReal.ecommerce.ECommerceApplication for test class com.caballerosGuardiaReal.ecommerce.ECommerceApplicationTests
17:09:54.805 [main] INFO org.springframework.boot.devtools.restart.RestartApplicationListener -- Restart disabled due to context in which it is running

  .   ____          _            __ _ _
 /\\ / ___'_ __ _ _(_)_ __  __ _ \ \ \ \
( ( )\___ | '_ | '_| | '_ \/ _` | \ \ \ \
 \\/  ___)| |_)| | | | | || (_| |  ) ) ) )
  '  |____| .__|_| |_|_| |_\__, | / / / /
 =========|_|==============|___/=/_/_/_/
 :: Spring Boot ::                (v3.1.5)

2023-11-29T17:09:55.215-03:00  INFO 6220 --- [           main] c.c.ecommerce.ECommerceApplicationTests  : Starting ECommerceApplicationTests using Java 21.0.1 with PID 6220 (started by Matias Insaurralde in C:\Users\Matias Insaurralde\Desktop\Proyectos Spring Boot\proyecto-e-commerce)
2023-11-29T17:09:55.216-03:00  INFO 6220 --- [           main] c.c.ecommerce.ECommerceApplicationTests  : No active profile set, falling back to 1 default profile: "default"
2023-11-29T17:09:56.385-03:00  INFO 6220 --- [           main] .s.d.r.c.RepositoryConfigurationDelegate : Bootstrapping Spring Data JPA repositories in DEFAULT mode.
2023-11-29T17:09:56.524-03:00  INFO 6220 --- [           main] .s.d.r.c.RepositoryConfigurationDelegate : Finished Spring Data repository scanning in 122 ms. Found 7 JPA repository interfaces.
2023-11-29T17:09:57.295-03:00  INFO 6220 --- [           main] o.hibernate.jpa.internal.util.LogHelper  : HHH000204: Processing PersistenceUnitInfo [name: default]
2023-11-29T17:09:57.426-03:00  INFO 6220 --- [           main] org.hibernate.Version                    : HHH000412: Hibernate ORM core version 6.2.13.Final
2023-11-29T17:09:57.430-03:00  INFO 6220 --- [           main] org.hibernate.cfg.Environment            : HHH000406: Using bytecode reflection optimizer
2023-11-29T17:09:57.993-03:00  INFO 6220 --- [           main] o.s.o.j.p.SpringPersistenceUnitInfo      : No LoadTimeWeaver setup: ignoring JPA class transformer
2023-11-29T17:09:58.045-03:00  INFO 6220 --- [           main] com.zaxxer.hikari.HikariDataSource       : HikariPool-1 - Starting...
2023-11-29T17:10:01.503-03:00  INFO 6220 --- [           main] com.zaxxer.hikari.pool.HikariPool        : HikariPool-1 - Added connection com.mysql.cj.jdbc.ConnectionImpl@25ae1f80
2023-11-29T17:10:01.508-03:00  INFO 6220 --- [           main] com.zaxxer.hikari.HikariDataSource       : HikariPool-1 - Start completed.
2023-11-29T17:10:01.834-03:00  WARN 6220 --- [           main] org.hibernate.orm.deprecation            : HHH90000025: MySQL8Dialect does not need to be specified explicitly using 'hibernate.dialect' (remove the property setting and it will be selected by default)
2023-11-29T17:10:01.836-03:00  WARN 6220 --- [           main] org.hibernate.orm.deprecation            : HHH90000026: MySQL8Dialect has been deprecated; use org.hibernate.dialect.MySQLDialect instead
2023-11-29T17:10:03.339-03:00  INFO 6220 --- [           main] o.h.e.t.j.p.i.JtaPlatformInitiator       : HHH000489: No JTA platform available (set 'hibernate.transaction.jta.platform' to enable JTA platform integration)
Hibernate: create table categoria (id varchar(255) not null, nombre varchar(255), primary key (id)) engine=InnoDB
Hibernate: create table fabricante (id varchar(255) not null, nombre varchar(255), primary key (id)) engine=InnoDB
Hibernate: create table imagen (id varchar(255) not null, contenido LONGBLOB, mime varchar(255), nombre varchar(255), primary key (id)) engine=InnoDB
Hibernate: create table orden (id varchar(255) not null, fecha_pedido date, primary key (id)) engine=InnoDB
Hibernate: create table producto (id varchar(255) not null, ean varchar(255), condicion enum ('NUEVO','USADO'), descripcion varchar(255), estado bit, nombre varchar(255), precio float(53), stock integer, categoria_id varchar(255), fabricante_id varchar(255), imagen_id varchar(255), primary key (id)) engine=InnoDB
Hibernate: create table ticket (id varchar(255) not null, fecha_entrega date, precio_final float(53), orden_de_compra_id varchar(255), primary key (id)) engine=InnoDB
Hibernate: create table usuario (id varchar(255) not null, clave varchar(255), codigo_postal integer, direccion varchar(255), email varchar(255), nombre_completo varchar(255), rol enum ('ADMIN','CLIENTE'), imagen_id varchar(255), primary key (id)) engine=InnoDB
Hibernate: alter table producto drop index UK_5l580xj0mqbgg69jc1cl21yxk
Hibernate: alter table producto add constraint UK_5l580xj0mqbgg69jc1cl21yxk unique (imagen_id)
Hibernate: alter table ticket drop index UK_r6kni5o1hhvdtf3c3bv97db51
Hibernate: alter table ticket add constraint UK_r6kni5o1hhvdtf3c3bv97db51 unique (orden_de_compra_id)
Hibernate: alter table usuario drop index UK_4inprm9ifw1y21en7g1c0u70d
Hibernate: alter table usuario add constraint UK_4inprm9ifw1y21en7g1c0u70d unique (imagen_id)
Hibernate: alter table producto add constraint FKodqr7965ok9rwquj1utiamt0m foreign key (categoria_id) references categoria (id)
Hibernate: alter table producto add constraint FKo8xd3rrikus02uymxg1bajw3t foreign key (fabricante_id) references fabricante (id)
Hibernate: alter table producto add constraint FK9ico90dgv9hsci64v1fcp5ujm foreign key (imagen_id) references imagen (id)
Hibernate: alter table ticket add constraint FKor9vxi7y9aqw597k98ndvihn9 foreign key (orden_de_compra_id) references orden (id)
Hibernate: alter table usuario add constraint FKawrm93te4ld1amk7ss7tfa2b2 foreign key (imagen_id) references imagen (id)
2023-11-29T17:10:11.206-03:00  INFO 6220 --- [           main] j.LocalContainerEntityManagerFactoryBean : Initialized JPA EntityManagerFactory for persistence unit 'default'
2023-11-29T17:10:11.642-03:00  INFO 6220 --- [           main] o.s.d.j.r.query.QueryEnhancerFactory     : Hibernate is in classpath; If applicable, HQL parser will be used.
2023-11-29T17:10:12.822-03:00  INFO 6220 --- [           main] o.s.s.web.DefaultSecurityFilterChain     : Will secure any request with [org.springframework.security.web.session.DisableEncodeUrlFilter@5cdf2c83, org.springframework.security.web.context.request.async.WebAsyncManagerIntegrationFilter@30e734a1, org.springframework.security.web.context.SecurityContextHolderFilter@baf87a5, org.springframework.security.web.header.HeaderWriterFilter@50e32998, org.springframework.security.web.authentication.logout.LogoutFilter@631c6ef4, org.springframework.security.web.authentication.UsernamePasswordAuthenticationFilter@35c83c56, org.springframework.security.web.savedrequest.RequestCacheAwareFilter@2643c33f, org.springframework.security.web.servletapi.SecurityContextHolderAwareRequestFilter@7f588bc6, org.springframework.security.web.authentication.AnonymousAuthenticationFilter@44b99467, org.springframework.security.web.access.ExceptionTranslationFilter@40a2fdd2, org.springframework.security.web.access.intercept.AuthorizationFilter@11efa76e]
2023-11-29T17:10:13.284-03:00  INFO 6220 --- [           main] o.s.b.a.w.s.WelcomePageHandlerMapping    : Adding welcome page template: index
2023-11-29T17:10:13.608-03:00  INFO 6220 --- [           main] c.c.ecommerce.ECommerceApplicationTests  : Started ECommerceApplicationTests in 18.826 seconds (process running for 20.427)
]]></system-out>
    <system-err><![CDATA[WARNING: A Java agent has been loaded dynamically (C:\Users\Matias Insaurralde\.m2\repository\net\bytebuddy\byte-buddy-agent\1.14.9\byte-buddy-agent-1.14.9.jar)
WARNING: If a serviceability tool is in use, please run with -XX:+EnableDynamicAgentLoading to hide this warning
WARNING: If a serviceability tool is not in use, please run with -Djdk.instrument.traceUsage for more information
WARNING: Dynamic loading of agents will be disallowed by default in a future release
]]></system-err>
  </testcase>
</testsuite>